<?xml version="1.0" encoding="UTF-8"?>
<testsuite xmlns:xsi="http://www.w3.org/2001/XMLSchema-instance" xsi:noNamespaceSchemaLocation="https://maven.apache.org/surefire/maven-surefire-plugin/xsd/surefire-test-report-3.0.xsd" version="3.0" name="jdbc.TestModel" time="0.983" tests="8" errors="0" skipped="0" failures="0">
  <properties>
[...]
</properties>
  <testcase name="errorTestConnectTo" classname="jdbc.TestModel" time="0.728"/>
  <testcase name="testClose" classname="jdbc.TestModel" time="0.002"/>
  <testcase name="testGetAndInitializeColumnNames" classname="jdbc.TestModel" time="0.071"/>
  <testcase name="testGetAndInitializeTableNames" classname="jdbc.TestModel" time="0.035"/>
  <testcase name="testIsConnected" classname="jdbc.TestModel" time="0.042"/>
  <testcase name="normalTestConnectTo" classname="jdbc.TestModel" time="0.022"/>
  <testcase name="testGetAll" classname="jdbc.TestModel" time="0.024"/>
  <testcase name="testSearch" classname="jdbc.TestModel" time="0.026"/>
</testsuite>